<?xml version="1.0" encoding="UTF-8"?>
<!-- Generated by org.testng.reporters.JUnitXMLReporter -->
<testsuite ignored="0" hostname="TYSS-Sumanth-Chinivar" failures="1" tests="1" name="Test" time="0.052" errors="0" timestamp="2024-02-02T07:46:40 IST">
  <testcase classname="crossBrowser.LearningCrossBrowser12" name="launchGoogle" time="0.007">
    <failure type="java.lang.NullPointerException">
      <![CDATA[java.lang.NullPointerException
at crossBrowser.LearningCrossBrowser12.launchGoogle(LearningCrossBrowser12.java:21)
at java.base/java.util.ArrayList.forEach(ArrayList.java:1541)
... Removed 27 stack frames]]>
    </failure>
  </testcase> <!-- launchGoogle -->
</testsuite> <!-- Test -->
